<?xml version="1.0" encoding="UTF-8"?>
<!-- Generated by org.testng.reporters.JUnitXMLReporter -->
<testsuite hostname="SSL247DEV004" ignored="0" name="Default test" tests="4" failures="0" timestamp="01 Jun 2017 08:23:14 GMT" time="359.104" errors="0">
  <testcase name="Order_RapidSSL" time="113.367" classname="Sanity_Test.Registered_User"/>
  <testcase name="Create_User" time="14.485" classname="Sanity_Test.Registered_User"/>
  <testcase name="Edit_User" time="44.223" classname="Sanity_Test.Registered_User"/>
  <testcase name="Domain_Name_Ordering" time="56.404" classname="Sanity_Test.Registered_User"/>
</testsuite> <!-- Default test -->
