<?xml version="1.0" encoding="UTF-8"?>
<!-- Generated by org.testng.reporters.JUnitXMLReporter -->
<testsuite hostname="SSL247DEV004" ignored="0" name="Default test" tests="16" failures="0" timestamp="10 Aug 2017 15:52:48 GMT" time="1989.928" errors="0">
  <testcase name="CertignaCertificates_Proposals" time="108.882" classname="Regression_Test.CertignaProposal_Orders"/>
  <testcase name="CertignaCertificates_Proposals" time="117.618" classname="Regression_Test.CertignaProposal_Orders"/>
  <testcase name="CertignaCertificates_Proposals" time="109.094" classname="Regression_Test.CertignaProposal_Orders"/>
  <testcase name="CertignaCertificates_Proposals" time="109.425" classname="Regression_Test.CertignaProposal_Orders"/>
  <testcase name="CertignaPersonalID_ProposalsOrder" time="89.582" classname="Regression_Test.CertignaProposal_Orders"/>
  <testcase name="CertignaPersonalID_ProposalsOrder" time="84.955" classname="Regression_Test.CertignaProposal_Orders"/>
  <testcase name="CertignaPersonalID_ProposalsOrder" time="82.763" classname="Regression_Test.CertignaProposal_Orders"/>
  <testcase name="CertignaPersonalID_ProposalsOrder" time="84.875" classname="Regression_Test.CertignaProposal_Orders"/>
  <testcase name="CertignaPersonalID_ProposalsOrder" time="86.671" classname="Regression_Test.CertignaProposal_Orders"/>
  <testcase name="CertignaPersonalID_ProposalsOrder" time="202.673" classname="Regression_Test.CertignaProposal_Orders"/>
  <testcase name="CodeSigningCerts_Proposals" time="130.053" classname="Regression_Test.CertignaProposal_Orders"/>
  <testcase name="CodeSigningCerts_Proposals" time="88.966" classname="Regression_Test.CertignaProposal_Orders"/>
  <testcase name="CodeSigningCerts_Proposals" time="81.451" classname="Regression_Test.CertignaProposal_Orders"/>
  <testcase name="CodeSigningCerts_Proposals" time="90.81" classname="Regression_Test.CertignaProposal_Orders"/>
  <testcase name="CodeSigningCerts_Proposals" time="81.587" classname="Regression_Test.CertignaProposal_Orders"/>
  <testcase name="CodeSigningCerts_Proposals" time="83.212" classname="Regression_Test.CertignaProposal_Orders"/>
</testsuite> <!-- Default test -->
