<?xml version="1.0" encoding="UTF-8"?>
<!-- Generated by org.testng.reporters.JUnitXMLReporter -->
<testsuite hostname="SSL247DEV004" ignored="0" name="Default test" tests="9" failures="0" timestamp="20 Jul 2017 14:50:25 GMT" time="594.801" errors="0">
  <testcase name="Admin_LogIn" time="5.537" classname="Sanity_Test.Admin_User"/>
  <testcase name="Edit_Account_User" time="32.821" classname="Sanity_Test.Admin_User"/>
  <testcase name="Create_Proposal" time="87.391" classname="Sanity_Test.Admin_User"/>
  <testcase name="IssueProposal" time="19.862" classname="Sanity_Test.Admin_User"/>
  <testcase name="Sync_Cert_WithCA" time="69.8" classname="Sanity_Test.Admin_User"/>
  <testcase name="Sync_Cert_WithCA" time="69.578" classname="Sanity_Test.Admin_User"/>
  <testcase name="Sync_Cert_WithCA" time="69.67" classname="Sanity_Test.Admin_User"/>
  <testcase name="Send_Fulfillment_Email" time="36.059" classname="Sanity_Test.Admin_User"/>
  <testcase name="Send_Change_Password_Request_Email" time="27.151" classname="Sanity_Test.Admin_User"/>
</testsuite> <!-- Default test -->
