<?xml version="1.0" encoding="UTF-8"?>
<!-- Generated by org.testng.reporters.JUnitXMLReporter -->
<testsuite hostname="SSL247DEV004" ignored="4" name="Default test" tests="1" failures="0" timestamp="06 Jul 2017 09:46:25 GMT" time="136.477" errors="0">
  <testcase name="Request_a_PenTest_Proposal" time="100.491" classname="Sanity_Test.New_User"/>
  <testcase name="Request_a_Bronchure" time="0.0" classname="Sanity_Test.New_User">
    <ignored/>
  </testcase> <!-- Request_a_Bronchure -->
  <testcase name="Ask_a_question" time="0.0" classname="Sanity_Test.New_User">
    <ignored/>
  </testcase> <!-- Ask_a_question -->
  <testcase name="Get_in_Touch" time="0.0" classname="Sanity_Test.New_User">
    <ignored/>
  </testcase> <!-- Get_in_Touch -->
  <testcase name="User_Registration" time="0.0" classname="Sanity_Test.New_User">
    <ignored/>
  </testcase> <!-- User_Registration -->
</testsuite> <!-- Default test -->
