<?xml version="1.0" encoding="UTF-8"?>
<!-- Generated by org.testng.reporters.JUnitXMLReporter -->
<testsuite hostname="SSL247DEV004" ignored="4" name="Default test" tests="1" failures="0" timestamp="12 Jun 2017 13:02:39 GMT" time="46.228" errors="0">
  <testcase name="Admin_LogIn" time="5.412" classname="Sanity_Test.Admin_User"/>
  <testcase name="Send_Change_Password_Request_Email" time="0.0" classname="Sanity_Test.Admin_User">
    <ignored/>
  </testcase> <!-- Send_Change_Password_Request_Email -->
  <testcase name="Send_Fulfillment_Email" time="0.0" classname="Sanity_Test.Admin_User">
    <ignored/>
  </testcase> <!-- Send_Fulfillment_Email -->
  <testcase name="Edit_Account_User" time="0.0" classname="Sanity_Test.Admin_User">
    <ignored/>
  </testcase> <!-- Edit_Account_User -->
  <testcase name="Create_Proposal" time="0.0" classname="Sanity_Test.Admin_User">
    <ignored/>
  </testcase> <!-- Create_Proposal -->
</testsuite> <!-- Default test -->
