<?xml version="1.0" encoding="UTF-8"?>
<!-- Generated by org.testng.reporters.JUnitXMLReporter -->
<testsuite hostname="SSL247DEV004" ignored="5" name="Default test" tests="1" failures="0" timestamp="23 Jun 2017 13:02:21 GMT" time="62.983" errors="0">
  <testcase name="Send_Fulfillment_Email" time="30.737" classname="Sanity_Test.Admin_User"/>
  <testcase name="Send_Change_Password_Request_Email" time="0.0" classname="Sanity_Test.Admin_User">
    <ignored/>
  </testcase> <!-- Send_Change_Password_Request_Email -->
  <testcase name="Admin_LogIn" time="0.0" classname="Sanity_Test.Admin_User">
    <ignored/>
  </testcase> <!-- Admin_LogIn -->
  <testcase name="IssueProposal" time="0.0" classname="Sanity_Test.Admin_User">
    <ignored/>
  </testcase> <!-- IssueProposal -->
  <testcase name="Edit_Account_User" time="0.0" classname="Sanity_Test.Admin_User">
    <ignored/>
  </testcase> <!-- Edit_Account_User -->
  <testcase name="Create_Proposal" time="0.0" classname="Sanity_Test.Admin_User">
    <ignored/>
  </testcase> <!-- Create_Proposal -->
</testsuite> <!-- Default test -->
