<?xml version="1.0" encoding="UTF-8"?>
<!-- Generated by org.testng.reporters.JUnitXMLReporter -->
<testsuite hostname="LAPTOP-27SQ7D8S" ignored="11" name="Default test" tests="1" failures="0" timestamp="23 Aug 2017 05:21:02 GMT" time="553.095" errors="0">
  <testcase name="Register_Link_Test" time="520.35" classname="Sanity_Test.MainNav_Test"/>
  <testcase name="About_Link_Test" time="0.0" classname="Sanity_Test.MainNav_Test">
    <ignored/>
  </testcase> <!-- About_Link_Test -->
  <testcase name="Blog_Link_Test" time="0.0" classname="Sanity_Test.MainNav_Test">
    <ignored/>
  </testcase> <!-- Blog_Link_Test -->
  <testcase name="BecomePartner_Link_Test" time="0.0" classname="Sanity_Test.MainNav_Test">
    <ignored/>
  </testcase> <!-- BecomePartner_Link_Test -->
  <testcase name="FreeSsl_Link_Test" time="0.0" classname="Sanity_Test.MainNav_Test">
    <ignored/>
  </testcase> <!-- FreeSsl_Link_Test -->
  <testcase name="ProtectAndSecure_Link_Test" time="0.0" classname="Sanity_Test.MainNav_Test">
    <ignored/>
  </testcase> <!-- ProtectAndSecure_Link_Test -->
  <testcase name="SSL_Certlink_Test" time="0.0" classname="Sanity_Test.MainNav_Test">
    <ignored/>
  </testcase> <!-- SSL_Certlink_Test -->
  <testcase name="Identify_Link_Test" time="0.0" classname="Sanity_Test.MainNav_Test">
    <ignored/>
  </testcase> <!-- Identify_Link_Test -->
  <testcase name="Wizard_Link_Test" time="0.0" classname="Sanity_Test.MainNav_Test">
    <ignored/>
  </testcase> <!-- Wizard_Link_Test -->
  <testcase name="MySsl_Link_Test" time="0.0" classname="Sanity_Test.MainNav_Test">
    <ignored/>
  </testcase> <!-- MySsl_Link_Test -->
  <testcase name="FreeTrials_Link_Test" time="0.0" classname="Sanity_Test.MainNav_Test">
    <ignored/>
  </testcase> <!-- FreeTrials_Link_Test -->
  <testcase name="Support_Link_Test" time="0.0" classname="Sanity_Test.MainNav_Test">
    <ignored/>
  </testcase> <!-- Support_Link_Test -->
</testsuite> <!-- Default test -->
