<?xml version="1.0" encoding="UTF-8"?>
<!-- Generated by org.testng.reporters.JUnitXMLReporter -->
<testsuite hostname="SSL247DEV004" ignored="3" name="Default test" tests="1" failures="0" timestamp="07 Jun 2017 15:12:28 GMT" time="79.512" errors="0">
  <testcase name="Edit_Account_User" time="27.581" classname="Sanity_Test.Admin_User"/>
  <testcase name="Send_Change_Password_Request_Email" time="0.0" classname="Sanity_Test.Admin_User">
    <ignored/>
  </testcase> <!-- Send_Change_Password_Request_Email -->
  <testcase name="Send_Fulfillment_Email" time="0.0" classname="Sanity_Test.Admin_User">
    <ignored/>
  </testcase> <!-- Send_Fulfillment_Email -->
  <testcase name="Create_Proposal" time="0.0" classname="Sanity_Test.Admin_User">
    <ignored/>
  </testcase> <!-- Create_Proposal -->
</testsuite> <!-- Default test -->
