<?xml version="1.0" encoding="UTF-8"?>
<!-- Generated by org.testng.reporters.JUnitXMLReporter -->
<testsuite hostname="SSL247DEV004" ignored="0" name="Default test" tests="4" failures="0" timestamp="07 Jun 2017 09:43:59 GMT" time="283.107" errors="0">
  <testcase name="Create_Proposal" time="81.782" classname="Sanity_Test.Admin_User"/>
  <testcase name="Edit_Account_User" time="27.904" classname="Sanity_Test.Admin_User"/>
  <testcase name="Send_Change_Password_Request_Email" time="25.949" classname="Sanity_Test.Admin_User"/>
  <testcase name="Send_Fulfillment_Email" time="30.433" classname="Sanity_Test.Admin_User"/>
</testsuite> <!-- Default test -->
