<?xml version="1.0" encoding="UTF-8"?>
<!-- Generated by org.testng.reporters.JUnitXMLReporter -->
<testsuite hostname="LAPTOP-27SQ7D8S" ignored="0" name="Default test" tests="3" failures="0" timestamp="02 Jun 2017 23:22:30 GMT" time="2.077" errors="0">
  <testcase name="SQL_DeleteAccount" time="0.772" classname="Sanity_Test.SQL_Queries"/>
  <testcase name="SQL_DeleteUser" time="0.412" classname="Sanity_Test.SQL_Queries"/>
  <testcase name="SQL_Certificate_Order" time="0.871" classname="Sanity_Test.SQL_Queries"/>
</testsuite> <!-- Default test -->
