<?xml version="1.0" encoding="UTF-8"?>
<!-- Generated by org.testng.reporters.JUnitXMLReporter -->
<testsuite hostname="SSL247DEV004" ignored="0" name="Default test" tests="4" failures="0" timestamp="05 Jun 2017 13:27:17 GMT" time="0.072" errors="0">
  <testcase name="@BeforeTest setUp" time="0.0" classname="PageFactory.BrowserStack">
    <failure type="org.testng.TestNGException" message="
Parameter &amp;apos;config&amp;apos; is required by BeforeTest on method setUp but has not been marked @Optional or defined
in C:\Users\Gideon Okunleye\AppData\Local\Temp\testng-eclipse--1545188756\testng-customsuite.xml">
      <![CDATA[org.testng.TestNGException: 
Parameter 'config' is required by BeforeTest on method setUp but has not been marked @Optional or defined
in C:\Users\Gideon Okunleye\AppData\Local\Temp\testng-eclipse--1545188756\testng-customsuite.xml
	at org.testng.internal.Parameters.createParameters(Parameters.java:199)
	at org.testng.internal.Parameters.createParameters(Parameters.java:443)
	at org.testng.internal.Parameters.createConfigurationParameters(Parameters.java:118)
	at org.testng.internal.Invoker.invokeConfigurations(Invoker.java:206)
	at org.testng.internal.Invoker.invokeConfigurations(Invoker.java:146)
	at org.testng.TestRunner.beforeRun(TestRunner.java:626)
	at org.testng.TestRunner.run(TestRunner.java:594)
	at org.testng.SuiteRunner.runTest(SuiteRunner.java:380)
	at org.testng.SuiteRunner.runSequentially(SuiteRunner.java:375)
	at org.testng.SuiteRunner.privateRun(SuiteRunner.java:340)
	at org.testng.SuiteRunner.run(SuiteRunner.java:289)
	at org.testng.SuiteRunnerWorker.runSuite(SuiteRunnerWorker.java:52)
	at org.testng.SuiteRunnerWorker.run(SuiteRunnerWorker.java:86)
	at org.testng.TestNG.runSuitesSequentially(TestNG.java:1301)
	at org.testng.TestNG.runSuitesLocally(TestNG.java:1226)
	at org.testng.TestNG.runSuites(TestNG.java:1144)
	at org.testng.TestNG.run(TestNG.java:1115)
	at org.testng.remote.AbstractRemoteTestNG.run(AbstractRemoteTestNG.java:132)
	at org.testng.remote.RemoteTestNG.initAndRun(RemoteTestNG.java:230)
	at org.testng.remote.RemoteTestNG.main(RemoteTestNG.java:76)
]]>
    </failure>
  </testcase> <!-- @BeforeTest setUp -->
  <testcase name="@BeforeMethod User_Login" time="0.0" classname="Sanity_Test.Registered_User">
    <skipped/>
  </testcase> <!-- @BeforeMethod User_Login -->
  <testcase name="@BeforeMethod User_Login" time="0.0" classname="Sanity_Test.Registered_User">
    <skipped/>
  </testcase> <!-- @BeforeMethod User_Login -->
  <testcase name="@BeforeMethod User_Login" time="0.0" classname="Sanity_Test.Registered_User">
    <skipped/>
  </testcase> <!-- @BeforeMethod User_Login -->
  <testcase name="@BeforeMethod User_Login" time="0.0" classname="Sanity_Test.Registered_User">
    <skipped/>
  </testcase> <!-- @BeforeMethod User_Login -->
  <testcase name="@AfterTest tearDown" time="0.008" classname="PageFactory.BrowserStack">
    <failure type="java.lang.NullPointerException">
      <![CDATA[java.lang.NullPointerException
	at PageFactory.BrowserStack.tearDown(BrowserStack.java:86)
	at sun.reflect.NativeMethodAccessorImpl.invoke0(Native Method)
	at sun.reflect.NativeMethodAccessorImpl.invoke(NativeMethodAccessorImpl.java:62)
	at sun.reflect.DelegatingMethodAccessorImpl.invoke(DelegatingMethodAccessorImpl.java:43)
	at java.lang.reflect.Method.invoke(Method.java:498)
	at org.testng.internal.MethodInvocationHelper.invokeMethod(MethodInvocationHelper.java:108)
	at org.testng.internal.Invoker.invokeConfigurationMethod(Invoker.java:523)
	at org.testng.internal.Invoker.invokeConfigurations(Invoker.java:224)
	at org.testng.internal.Invoker.invokeConfigurations(Invoker.java:146)
	at org.testng.TestRunner.afterRun(TestRunner.java:958)
	at org.testng.TestRunner.run(TestRunner.java:606)
	at org.testng.SuiteRunner.runTest(SuiteRunner.java:380)
	at org.testng.SuiteRunner.runSequentially(SuiteRunner.java:375)
	at org.testng.SuiteRunner.privateRun(SuiteRunner.java:340)
	at org.testng.SuiteRunner.run(SuiteRunner.java:289)
	at org.testng.SuiteRunnerWorker.runSuite(SuiteRunnerWorker.java:52)
	at org.testng.SuiteRunnerWorker.run(SuiteRunnerWorker.java:86)
	at org.testng.TestNG.runSuitesSequentially(TestNG.java:1301)
	at org.testng.TestNG.runSuitesLocally(TestNG.java:1226)
	at org.testng.TestNG.runSuites(TestNG.java:1144)
	at org.testng.TestNG.run(TestNG.java:1115)
	at org.testng.remote.AbstractRemoteTestNG.run(AbstractRemoteTestNG.java:132)
	at org.testng.remote.RemoteTestNG.initAndRun(RemoteTestNG.java:230)
	at org.testng.remote.RemoteTestNG.main(RemoteTestNG.java:76)
]]>
    </failure>
  </testcase> <!-- @AfterTest tearDown -->
  <testcase name="Order_RapidSSL" time="0.001" classname="Sanity_Test.Registered_User">
    <skipped/>
  </testcase> <!-- Order_RapidSSL -->
  <testcase name="Create_User" time="0.0" classname="Sanity_Test.Registered_User">
    <skipped/>
  </testcase> <!-- Create_User -->
  <testcase name="Edit_User" time="0.0" classname="Sanity_Test.Registered_User">
    <skipped/>
  </testcase> <!-- Edit_User -->
  <testcase name="Domain_Name_Ordering" time="0.0" classname="Sanity_Test.Registered_User">
    <skipped/>
  </testcase> <!-- Domain_Name_Ordering -->
</testsuite> <!-- Default test -->
