<?xml version="1.0" encoding="UTF-8"?>
<!-- Generated by org.testng.reporters.JUnitXMLReporter -->
<testsuite hostname="SSL247DEV004" ignored="0" name="Default test" tests="5" failures="0" timestamp="26 Jul 2017 15:33:23 GMT" time="4.242" errors="0">
  <testcase name="SQL_DeleteAccount" time="0.94" classname="Sanity_Test.SQL_Queries"/>
  <testcase name="SQL_DeleteUser" time="0.391" classname="Sanity_Test.SQL_Queries"/>
  <testcase name="SQL_Certificate_Order" time="2.162" classname="Sanity_Test.SQL_Queries"/>
  <testcase name="SQL_DomainName_Order" time="0.301" classname="Sanity_Test.SQL_Queries"/>
  <testcase name="Delete_User" time="0.409" classname="Sanity_Test.SQL_Queries"/>
</testsuite> <!-- Default test -->
