<?xml version="1.0" encoding="UTF-8"?>
<!-- Generated by org.testng.reporters.JUnitXMLReporter -->
<testsuite hostname="SSL247DEV004" ignored="7" tests="0" failures="0" timestamp="12 Jun 2017 13:34:08 GMT" time="12.709" errors="0">
  <testcase name="Request_a_Bronchure" time="0.0" classname="Sanity_Test.New_User">
    <ignored/>
  </testcase> <!-- Request_a_Bronchure -->
  <testcase name="Ask_a_question" time="0.0" classname="Sanity_Test.New_User">
    <ignored/>
  </testcase> <!-- Ask_a_question -->
  <testcase name="User_LogOut" time="0.0" classname="Sanity_Test.New_User">
    <ignored/>
  </testcase> <!-- User_LogOut -->
  <testcase name="User_LogIn" time="0.0" classname="Sanity_Test.New_User">
    <ignored/>
  </testcase> <!-- User_LogIn -->
  <testcase name="Get_in_Touch" time="0.0" classname="Sanity_Test.New_User">
    <ignored/>
  </testcase> <!-- Get_in_Touch -->
  <testcase name="User_Registration" time="0.0" classname="Sanity_Test.New_User">
    <ignored/>
  </testcase> <!-- User_Registration -->
  <testcase name="Request_a_PenTest_Proposal" time="0.0" classname="Sanity_Test.New_User">
    <ignored/>
  </testcase> <!-- Request_a_PenTest_Proposal -->
</testsuite>
