<?xml version="1.0" encoding="UTF-8"?>
<!-- Generated by org.testng.reporters.JUnitXMLReporter -->
<testsuite hostname="SSL247DEV004" ignored="0" name="Test 2" tests="4" failures="0" timestamp="05 Jun 2017 11:06:36 GMT" time="383.398" errors="0">
  <testcase name="Order_RapidSSL" time="111.704" classname="Sanity_Test.Registered_User"/>
  <testcase name="Create_User" time="14.178" classname="Sanity_Test.Registered_User"/>
  <testcase name="Edit_User" time="45.01" classname="Sanity_Test.Registered_User"/>
  <testcase name="Domain_Name_Ordering" time="58.417" classname="Sanity_Test.Registered_User"/>
</testsuite> <!-- Test 2 -->
