<?xml version="1.0" encoding="UTF-8"?>
<!-- Generated by org.testng.reporters.JUnitXMLReporter -->
<testsuite hostname="SSL247DEV004" ignored="0" name="Test 3" tests="6" failures="0" timestamp="02 Jun 2017 16:23:05 GMT" time="152.338" errors="0">
  <testcase name="User_Registration" time="46.275" classname="Sanity_Test.New_User"/>
  <testcase name="Log_Out_New_User" time="0.193" classname="Sanity_Test.New_User"/>
  <testcase name="Get_in_Touch" time="15.491" classname="Sanity_Test.New_User"/>
  <testcase name="Ask_a_question" time="9.794" classname="Sanity_Test.New_User"/>
  <testcase name="Request_a_Bronchure" time="8.215" classname="Sanity_Test.New_User"/>
  <testcase name="Request_a_PenTest_Proposal" time="8.422" classname="Sanity_Test.New_User"/>
</testsuite> <!-- Test 3 -->
