<?xml version="1.0" encoding="UTF-8"?>
<!-- Generated by org.testng.reporters.JUnitXMLReporter -->
<testsuite hostname="SSL247DEV004" ignored="0" name="Test 4" tests="3" failures="0" timestamp="06 Jun 2017 16:01:34 GMT" time="14.919" errors="0">
  <testcase name="SQL_DeleteAccount" time="0.505" classname="Sanity_Test.SQL_Queries"/>
  <testcase name="SQL_DeleteUser" time="0.276" classname="Sanity_Test.SQL_Queries"/>
  <testcase name="SQL_Certificate_Order" time="0.784" classname="Sanity_Test.SQL_Queries"/>
</testsuite> <!-- Test 4 -->
