<?xml version="1.0" encoding="UTF-8"?>
<!-- Generated by org.testng.reporters.JUnitXMLReporter -->
<testsuite hostname="SSL247DEV004" ignored="0" name="Test 1" tests="4" failures="0" timestamp="01 Jun 2017 11:10:33 GMT" time="279.188" errors="0">
  <testcase name="Create_Proposal" time="82.916" classname="Sanity_Test.Admin_User"/>
  <testcase name="Edit_Account_User" time="27.361" classname="Sanity_Test.Admin_User"/>
  <testcase name="Send_Change_Password_Request_Email" time="26.105" classname="Sanity_Test.Admin_User"/>
  <testcase name="Send_Fulfillment_Email" time="30.696" classname="Sanity_Test.Admin_User"/>
</testsuite> <!-- Test 1 -->
