<?xml version="1.0" encoding="UTF-8"?>
<testng-results skipped="0" failed="0" ignored="0" total="13" passed="13">
  <reporter-output>
  </reporter-output>
  <suite name="Suite" duration-ms="1920751" started-at="2017-06-01T14:54:01Z" finished-at="2017-06-01T15:26:02Z">
    <groups>
      <group name="Regression">
        <method signature="Order_Products.Order_Certificates(java.lang.String, java.lang.String)[pri:1, instance:Regression_Test.Order_Products@4f7d0008]" name="Order_Certificates" class="Regression_Test.Order_Products"/>
      </group> <!-- Regression -->
      <group name="SQL">
        <method signature="SQL_Queries.SQL_Certificate_Order()[pri:1, instance:Regression_Test.SQL_Queries@69ea3742]" name="SQL_Certificate_Order" class="Regression_Test.SQL_Queries"/>
      </group> <!-- SQL -->
    </groups>
    <test name="Test 2" duration-ms="1919588" started-at="2017-06-01T14:54:01Z" finished-at="2017-06-01T15:26:01Z">
      <class name="Regression_Test.Order_Products">
        <test-method status="PASS" signature="beforeTest()[pri:0, instance:Regression_Test.Order_Products@4f7d0008]" name="beforeTest" is-config="true" duration-ms="2778" started-at="2017-06-01T15:54:01Z" finished-at="2017-06-01T15:54:04Z">
          <reporter-output>
          </reporter-output>
        </test-method> <!-- beforeTest -->
        <test-method status="PASS" signature="User_Login()[pri:0, instance:Regression_Test.Order_Products@4f7d0008]" name="User_Login" is-config="true" duration-ms="15950" started-at="2017-06-01T15:54:04Z" finished-at="2017-06-01T15:54:20Z">
          <reporter-output>
          </reporter-output>
        </test-method> <!-- User_Login -->
        <test-method status="PASS" signature="Order_Certificates(java.lang.String, java.lang.String)[pri:1, instance:Regression_Test.Order_Products@4f7d0008]" name="Order_Certificates" duration-ms="132147" started-at="2017-06-01T15:54:20Z" data-provider="OrderProduct_Data" finished-at="2017-06-01T15:56:32Z">
          <params>
            <param index="0">
              <value>
                <![CDATA[Order Products Test --> Order_Symantec Secure Site]]>
              </value>
            </param>
            <param index="1">
              <value>
                <![CDATA[Symantec Secure Site]]>
              </value>
            </param>
          </params>
          <reporter-output>
          </reporter-output>
        </test-method> <!-- Order_Certificates -->
        <test-method status="PASS" signature="User_Logout(org.testng.ITestResult)[pri:0, instance:Regression_Test.Order_Products@4f7d0008]" name="User_Logout" is-config="true" duration-ms="18428" started-at="2017-06-01T15:56:32Z" finished-at="2017-06-01T15:56:51Z">
          <params>
            <param index="0">
              <value>
                <![CDATA[[TestResult name=Order_Certificates status=SUCCESS method=Order_Products.Order_Certificates(java.lang.String, java.lang.String)[pri:1, instance:Regression_Test.Order_Products@4f7d0008] output={null}]]]>
              </value>
            </param>
          </params>
          <reporter-output>
          </reporter-output>
        </test-method> <!-- User_Logout -->
        <test-method status="PASS" signature="User_Login()[pri:0, instance:Regression_Test.Order_Products@4f7d0008]" name="User_Login" is-config="true" duration-ms="14941" started-at="2017-06-01T15:56:51Z" finished-at="2017-06-01T15:57:06Z">
          <reporter-output>
          </reporter-output>
        </test-method> <!-- User_Login -->
        <test-method status="PASS" signature="Order_Certificates(java.lang.String, java.lang.String)[pri:1, instance:Regression_Test.Order_Products@4f7d0008]" name="Order_Certificates" duration-ms="124278" started-at="2017-06-01T15:57:06Z" data-provider="OrderProduct_Data" finished-at="2017-06-01T15:59:10Z">
          <params>
            <param index="0">
              <value>
                <![CDATA[Order Products Test --> Order_Symantec Secure Site EV]]>
              </value>
            </param>
            <param index="1">
              <value>
                <![CDATA[Symantec Secure Site EV]]>
              </value>
            </param>
          </params>
          <reporter-output>
          </reporter-output>
        </test-method> <!-- Order_Certificates -->
        <test-method status="PASS" signature="User_Logout(org.testng.ITestResult)[pri:0, instance:Regression_Test.Order_Products@4f7d0008]" name="User_Logout" is-config="true" duration-ms="17466" started-at="2017-06-01T15:59:10Z" finished-at="2017-06-01T15:59:27Z">
          <params>
            <param index="0">
              <value>
                <![CDATA[[TestResult name=Order_Certificates status=SUCCESS method=Order_Products.Order_Certificates(java.lang.String, java.lang.String)[pri:1, instance:Regression_Test.Order_Products@4f7d0008] output={null}]]]>
              </value>
            </param>
          </params>
          <reporter-output>
          </reporter-output>
        </test-method> <!-- User_Logout -->
        <test-method status="PASS" signature="User_Login()[pri:0, instance:Regression_Test.Order_Products@4f7d0008]" name="User_Login" is-config="true" duration-ms="25543" started-at="2017-06-01T15:59:27Z" finished-at="2017-06-01T15:59:53Z">
          <reporter-output>
          </reporter-output>
        </test-method> <!-- User_Login -->
        <test-method status="PASS" signature="Order_Certificates(java.lang.String, java.lang.String)[pri:1, instance:Regression_Test.Order_Products@4f7d0008]" name="Order_Certificates" duration-ms="144443" started-at="2017-06-01T15:59:53Z" data-provider="OrderProduct_Data" finished-at="2017-06-01T16:02:17Z">
          <params>
            <param index="0">
              <value>
                <![CDATA[Order Products Test --> Order_Symantec Secure Site Pro]]>
              </value>
            </param>
            <param index="1">
              <value>
                <![CDATA[Symantec Secure Site Pro]]>
              </value>
            </param>
          </params>
          <reporter-output>
          </reporter-output>
        </test-method> <!-- Order_Certificates -->
        <test-method status="PASS" signature="User_Logout(org.testng.ITestResult)[pri:0, instance:Regression_Test.Order_Products@4f7d0008]" name="User_Logout" is-config="true" duration-ms="18762" started-at="2017-06-01T16:02:17Z" finished-at="2017-06-01T16:02:36Z">
          <params>
            <param index="0">
              <value>
                <![CDATA[[TestResult name=Order_Certificates status=SUCCESS method=Order_Products.Order_Certificates(java.lang.String, java.lang.String)[pri:1, instance:Regression_Test.Order_Products@4f7d0008] output={null}]]]>
              </value>
            </param>
          </params>
          <reporter-output>
          </reporter-output>
        </test-method> <!-- User_Logout -->
        <test-method status="PASS" signature="User_Login()[pri:0, instance:Regression_Test.Order_Products@4f7d0008]" name="User_Login" is-config="true" duration-ms="16422" started-at="2017-06-01T16:02:36Z" finished-at="2017-06-01T16:02:53Z">
          <reporter-output>
          </reporter-output>
        </test-method> <!-- User_Login -->
        <test-method status="PASS" signature="Order_Certificates(java.lang.String, java.lang.String)[pri:1, instance:Regression_Test.Order_Products@4f7d0008]" name="Order_Certificates" duration-ms="105527" started-at="2017-06-01T16:02:53Z" data-provider="OrderProduct_Data" finished-at="2017-06-01T16:04:38Z">
          <params>
            <param index="0">
              <value>
                <![CDATA[Order Products Test --> Order_Symantec Secure Site Pro EV]]>
              </value>
            </param>
            <param index="1">
              <value>
                <![CDATA[Symantec Secure Site Pro EV]]>
              </value>
            </param>
          </params>
          <reporter-output>
          </reporter-output>
        </test-method> <!-- Order_Certificates -->
        <test-method status="PASS" signature="User_Logout(org.testng.ITestResult)[pri:0, instance:Regression_Test.Order_Products@4f7d0008]" name="User_Logout" is-config="true" duration-ms="17604" started-at="2017-06-01T16:04:38Z" finished-at="2017-06-01T16:04:56Z">
          <params>
            <param index="0">
              <value>
                <![CDATA[[TestResult name=Order_Certificates status=SUCCESS method=Order_Products.Order_Certificates(java.lang.String, java.lang.String)[pri:1, instance:Regression_Test.Order_Products@4f7d0008] output={null}]]]>
              </value>
            </param>
          </params>
          <reporter-output>
          </reporter-output>
        </test-method> <!-- User_Logout -->
        <test-method status="PASS" signature="User_Login()[pri:0, instance:Regression_Test.Order_Products@4f7d0008]" name="User_Login" is-config="true" duration-ms="14099" started-at="2017-06-01T16:04:56Z" finished-at="2017-06-01T16:05:10Z">
          <reporter-output>
          </reporter-output>
        </test-method> <!-- User_Login -->
        <test-method status="PASS" signature="Order_Certificates(java.lang.String, java.lang.String)[pri:1, instance:Regression_Test.Order_Products@4f7d0008]" name="Order_Certificates" duration-ms="131941" started-at="2017-06-01T16:05:10Z" data-provider="OrderProduct_Data" finished-at="2017-06-01T16:07:22Z">
          <params>
            <param index="0">
              <value>
                <![CDATA[Order Products Test --> Order_Thawte SSL Web Server]]>
              </value>
            </param>
            <param index="1">
              <value>
                <![CDATA[Thawte SSL Web Server]]>
              </value>
            </param>
          </params>
          <reporter-output>
          </reporter-output>
        </test-method> <!-- Order_Certificates -->
        <test-method status="PASS" signature="User_Logout(org.testng.ITestResult)[pri:0, instance:Regression_Test.Order_Products@4f7d0008]" name="User_Logout" is-config="true" duration-ms="17567" started-at="2017-06-01T16:07:22Z" finished-at="2017-06-01T16:07:39Z">
          <params>
            <param index="0">
              <value>
                <![CDATA[[TestResult name=Order_Certificates status=SUCCESS method=Order_Products.Order_Certificates(java.lang.String, java.lang.String)[pri:1, instance:Regression_Test.Order_Products@4f7d0008] output={null}]]]>
              </value>
            </param>
          </params>
          <reporter-output>
          </reporter-output>
        </test-method> <!-- User_Logout -->
        <test-method status="PASS" signature="User_Login()[pri:0, instance:Regression_Test.Order_Products@4f7d0008]" name="User_Login" is-config="true" duration-ms="13911" started-at="2017-06-01T16:07:39Z" finished-at="2017-06-01T16:07:53Z">
          <reporter-output>
          </reporter-output>
        </test-method> <!-- User_Login -->
        <test-method status="PASS" signature="Order_Certificates(java.lang.String, java.lang.String)[pri:1, instance:Regression_Test.Order_Products@4f7d0008]" name="Order_Certificates" duration-ms="100033" started-at="2017-06-01T16:07:53Z" data-provider="OrderProduct_Data" finished-at="2017-06-01T16:09:33Z">
          <params>
            <param index="0">
              <value>
                <![CDATA[Order Products Test --> Order_Thawte SSL Web Server EV]]>
              </value>
            </param>
            <param index="1">
              <value>
                <![CDATA[Thawte SSL Web Server EV]]>
              </value>
            </param>
          </params>
          <reporter-output>
          </reporter-output>
        </test-method> <!-- Order_Certificates -->
        <test-method status="PASS" signature="User_Logout(org.testng.ITestResult)[pri:0, instance:Regression_Test.Order_Products@4f7d0008]" name="User_Logout" is-config="true" duration-ms="17461" started-at="2017-06-01T16:09:33Z" finished-at="2017-06-01T16:09:51Z">
          <params>
            <param index="0">
              <value>
                <![CDATA[[TestResult name=Order_Certificates status=SUCCESS method=Order_Products.Order_Certificates(java.lang.String, java.lang.String)[pri:1, instance:Regression_Test.Order_Products@4f7d0008] output={null}]]]>
              </value>
            </param>
          </params>
          <reporter-output>
          </reporter-output>
        </test-method> <!-- User_Logout -->
        <test-method status="PASS" signature="User_Login()[pri:0, instance:Regression_Test.Order_Products@4f7d0008]" name="User_Login" is-config="true" duration-ms="13802" started-at="2017-06-01T16:09:51Z" finished-at="2017-06-01T16:10:05Z">
          <reporter-output>
          </reporter-output>
        </test-method> <!-- User_Login -->
        <test-method status="PASS" signature="Order_Certificates(java.lang.String, java.lang.String)[pri:1, instance:Regression_Test.Order_Products@4f7d0008]" name="Order_Certificates" duration-ms="131140" started-at="2017-06-01T16:10:05Z" data-provider="OrderProduct_Data" finished-at="2017-06-01T16:12:16Z">
          <params>
            <param index="0">
              <value>
                <![CDATA[Order Products Test --> Order_Thawte SSL123]]>
              </value>
            </param>
            <param index="1">
              <value>
                <![CDATA[Thawte SSL123]]>
              </value>
            </param>
          </params>
          <reporter-output>
          </reporter-output>
        </test-method> <!-- Order_Certificates -->
        <test-method status="PASS" signature="User_Logout(org.testng.ITestResult)[pri:0, instance:Regression_Test.Order_Products@4f7d0008]" name="User_Logout" is-config="true" duration-ms="17660" started-at="2017-06-01T16:12:16Z" finished-at="2017-06-01T16:12:33Z">
          <params>
            <param index="0">
              <value>
                <![CDATA[[TestResult name=Order_Certificates status=SUCCESS method=Order_Products.Order_Certificates(java.lang.String, java.lang.String)[pri:1, instance:Regression_Test.Order_Products@4f7d0008] output={null}]]]>
              </value>
            </param>
          </params>
          <reporter-output>
          </reporter-output>
        </test-method> <!-- User_Logout -->
        <test-method status="PASS" signature="User_Login()[pri:0, instance:Regression_Test.Order_Products@4f7d0008]" name="User_Login" is-config="true" duration-ms="16908" started-at="2017-06-01T16:12:33Z" finished-at="2017-06-01T16:12:50Z">
          <reporter-output>
          </reporter-output>
        </test-method> <!-- User_Login -->
        <test-method status="PASS" signature="Order_Certificates(java.lang.String, java.lang.String)[pri:1, instance:Regression_Test.Order_Products@4f7d0008]" name="Order_Certificates" duration-ms="135624" started-at="2017-06-01T16:12:50Z" data-provider="OrderProduct_Data" finished-at="2017-06-01T16:15:06Z">
          <params>
            <param index="0">
              <value>
                <![CDATA[Order Products Test --> GeoTrust QuickSSL Premium]]>
              </value>
            </param>
            <param index="1">
              <value>
                <![CDATA[GeoTrust QuickSSL Premium]]>
              </value>
            </param>
          </params>
          <reporter-output>
          </reporter-output>
        </test-method> <!-- Order_Certificates -->
        <test-method status="PASS" signature="User_Logout(org.testng.ITestResult)[pri:0, instance:Regression_Test.Order_Products@4f7d0008]" name="User_Logout" is-config="true" duration-ms="18916" started-at="2017-06-01T16:15:06Z" finished-at="2017-06-01T16:15:25Z">
          <params>
            <param index="0">
              <value>
                <![CDATA[[TestResult name=Order_Certificates status=SUCCESS method=Order_Products.Order_Certificates(java.lang.String, java.lang.String)[pri:1, instance:Regression_Test.Order_Products@4f7d0008] output={null}]]]>
              </value>
            </param>
          </params>
          <reporter-output>
          </reporter-output>
        </test-method> <!-- User_Logout -->
        <test-method status="PASS" signature="User_Login()[pri:0, instance:Regression_Test.Order_Products@4f7d0008]" name="User_Login" is-config="true" duration-ms="17027" started-at="2017-06-01T16:15:25Z" finished-at="2017-06-01T16:15:42Z">
          <reporter-output>
          </reporter-output>
        </test-method> <!-- User_Login -->
        <test-method status="PASS" signature="Order_Certificates(java.lang.String, java.lang.String)[pri:1, instance:Regression_Test.Order_Products@4f7d0008]" name="Order_Certificates" duration-ms="141101" started-at="2017-06-01T16:15:42Z" data-provider="OrderProduct_Data" finished-at="2017-06-01T16:18:03Z">
          <params>
            <param index="0">
              <value>
                <![CDATA[Order Products Test --> GeoTrust True BusinessID]]>
              </value>
            </param>
            <param index="1">
              <value>
                <![CDATA[GeoTrust True BusinessID]]>
              </value>
            </param>
          </params>
          <reporter-output>
          </reporter-output>
        </test-method> <!-- Order_Certificates -->
        <test-method status="PASS" signature="User_Logout(org.testng.ITestResult)[pri:0, instance:Regression_Test.Order_Products@4f7d0008]" name="User_Logout" is-config="true" duration-ms="19157" started-at="2017-06-01T16:18:03Z" finished-at="2017-06-01T16:18:22Z">
          <params>
            <param index="0">
              <value>
                <![CDATA[[TestResult name=Order_Certificates status=SUCCESS method=Order_Products.Order_Certificates(java.lang.String, java.lang.String)[pri:1, instance:Regression_Test.Order_Products@4f7d0008] output={null}]]]>
              </value>
            </param>
          </params>
          <reporter-output>
          </reporter-output>
        </test-method> <!-- User_Logout -->
        <test-method status="PASS" signature="User_Login()[pri:0, instance:Regression_Test.Order_Products@4f7d0008]" name="User_Login" is-config="true" duration-ms="16935" started-at="2017-06-01T16:18:22Z" finished-at="2017-06-01T16:18:39Z">
          <reporter-output>
          </reporter-output>
        </test-method> <!-- User_Login -->
        <test-method status="PASS" signature="Order_Certificates(java.lang.String, java.lang.String)[pri:1, instance:Regression_Test.Order_Products@4f7d0008]" name="Order_Certificates" duration-ms="107593" started-at="2017-06-01T16:18:39Z" data-provider="OrderProduct_Data" finished-at="2017-06-01T16:20:27Z">
          <params>
            <param index="0">
              <value>
                <![CDATA[Order Products Test --> GeoTrust True BusinessID EV]]>
              </value>
            </param>
            <param index="1">
              <value>
                <![CDATA[GeoTrust True BusinessID EV]]>
              </value>
            </param>
          </params>
          <reporter-output>
          </reporter-output>
        </test-method> <!-- Order_Certificates -->
        <test-method status="PASS" signature="User_Logout(org.testng.ITestResult)[pri:0, instance:Regression_Test.Order_Products@4f7d0008]" name="User_Logout" is-config="true" duration-ms="17475" started-at="2017-06-01T16:20:27Z" finished-at="2017-06-01T16:20:44Z">
          <params>
            <param index="0">
              <value>
                <![CDATA[[TestResult name=Order_Certificates status=SUCCESS method=Order_Products.Order_Certificates(java.lang.String, java.lang.String)[pri:1, instance:Regression_Test.Order_Products@4f7d0008] output={null}]]]>
              </value>
            </param>
          </params>
          <reporter-output>
          </reporter-output>
        </test-method> <!-- User_Logout -->
        <test-method status="PASS" signature="User_Login()[pri:0, instance:Regression_Test.Order_Products@4f7d0008]" name="User_Login" is-config="true" duration-ms="14310" started-at="2017-06-01T16:20:44Z" finished-at="2017-06-01T16:20:58Z">
          <reporter-output>
          </reporter-output>
        </test-method> <!-- User_Login -->
        <test-method status="PASS" signature="Order_Certificates(java.lang.String, java.lang.String)[pri:1, instance:Regression_Test.Order_Products@4f7d0008]" name="Order_Certificates" duration-ms="132159" started-at="2017-06-01T16:20:58Z" data-provider="OrderProduct_Data" finished-at="2017-06-01T16:23:11Z">
          <params>
            <param index="0">
              <value>
                <![CDATA[Order Products Test --> GeoTrust True BusinessID Multi-Domain]]>
              </value>
            </param>
            <param index="1">
              <value>
                <![CDATA[GeoTrust True BusinessID Multi-Domain]]>
              </value>
            </param>
          </params>
          <reporter-output>
          </reporter-output>
        </test-method> <!-- Order_Certificates -->
        <test-method status="PASS" signature="User_Logout(org.testng.ITestResult)[pri:0, instance:Regression_Test.Order_Products@4f7d0008]" name="User_Logout" is-config="true" duration-ms="18492" started-at="2017-06-01T16:23:11Z" finished-at="2017-06-01T16:23:29Z">
          <params>
            <param index="0">
              <value>
                <![CDATA[[TestResult name=Order_Certificates status=SUCCESS method=Order_Products.Order_Certificates(java.lang.String, java.lang.String)[pri:1, instance:Regression_Test.Order_Products@4f7d0008] output={null}]]]>
              </value>
            </param>
          </params>
          <reporter-output>
          </reporter-output>
        </test-method> <!-- User_Logout -->
        <test-method status="PASS" signature="User_Login()[pri:0, instance:Regression_Test.Order_Products@4f7d0008]" name="User_Login" is-config="true" duration-ms="17767" started-at="2017-06-01T16:23:29Z" finished-at="2017-06-01T16:23:47Z">
          <reporter-output>
          </reporter-output>
        </test-method> <!-- User_Login -->
        <test-method status="PASS" signature="Order_Certificates(java.lang.String, java.lang.String)[pri:1, instance:Regression_Test.Order_Products@4f7d0008]" name="Order_Certificates" duration-ms="113387" started-at="2017-06-01T16:23:47Z" data-provider="OrderProduct_Data" finished-at="2017-06-01T16:25:40Z">
          <params>
            <param index="0">
              <value>
                <![CDATA[Order Products Test --> GeoTrust True BusinessID Multi-Domain EV]]>
              </value>
            </param>
            <param index="1">
              <value>
                <![CDATA[GeoTrust True BusinessID Multi-Domain EV]]>
              </value>
            </param>
          </params>
          <reporter-output>
          </reporter-output>
        </test-method> <!-- Order_Certificates -->
        <test-method status="PASS" signature="User_Logout(org.testng.ITestResult)[pri:0, instance:Regression_Test.Order_Products@4f7d0008]" name="User_Logout" is-config="true" duration-ms="18560" started-at="2017-06-01T16:25:40Z" finished-at="2017-06-01T16:25:59Z">
          <params>
            <param index="0">
              <value>
                <![CDATA[[TestResult name=Order_Certificates status=SUCCESS method=Order_Products.Order_Certificates(java.lang.String, java.lang.String)[pri:1, instance:Regression_Test.Order_Products@4f7d0008] output={null}]]]>
              </value>
            </param>
          </params>
          <reporter-output>
          </reporter-output>
        </test-method> <!-- User_Logout -->
        <test-method status="PASS" signature="afterTest()[pri:0, instance:Regression_Test.Order_Products@4f7d0008]" name="afterTest" is-config="true" duration-ms="2230" started-at="2017-06-01T16:25:59Z" finished-at="2017-06-01T16:26:01Z">
          <reporter-output>
          </reporter-output>
        </test-method> <!-- afterTest -->
      </class> <!-- Regression_Test.Order_Products -->
    </test> <!-- Test 2 -->
    <test name="Test 3" duration-ms="1131" started-at="2017-06-01T15:26:01Z" finished-at="2017-06-01T15:26:02Z">
      <class name="Regression_Test.SQL_Queries">
        <test-method status="PASS" signature="SQL_Certificate_Order()[pri:1, instance:Regression_Test.SQL_Queries@69ea3742]" name="SQL_Certificate_Order" duration-ms="1128" started-at="2017-06-01T16:26:01Z" finished-at="2017-06-01T16:26:02Z">
          <reporter-output>
          </reporter-output>
        </test-method> <!-- SQL_Certificate_Order -->
      </class> <!-- Regression_Test.SQL_Queries -->
    </test> <!-- Test 3 -->
  </suite> <!-- Suite -->
</testng-results>
