<?xml version="1.0" encoding="UTF-8"?>
<!-- Generated by org.testng.reporters.JUnitReportReporter -->
<testsuite skipped="6" hostname="SSL247DEV004" name="Sanity_Test.New_User" tests="8" failures="0" timestamp="06 Jun 2017 09:47:30 GMT" time="0.008" errors="2">
  <testcase name="User_Registration" time="0.000" classname="Sanity_Test.New_User">
    <skipped/>
  </testcase> <!-- User_Registration -->
  <testcase name="setUp" time="0.000" classname="Sanity_Test.New_User">
    <error type="org.testng.TestNGException" message="
Parameter &#039;config&#039; is required by BeforeTest on method setUp but has not been marked @Optional or defined
in C:\Users\Gideon Okunleye\AppData\Local\Temp\testng-eclipse-1672561914\testng-customsuite.xml">
      <![CDATA[org.testng.TestNGException: 
Parameter 'config' is required by BeforeTest on method setUp but has not been marked @Optional or defined
in C:\Users\Gideon Okunleye\AppData\Local\Temp\testng-eclipse-1672561914\testng-customsuite.xml
	at org.testng.internal.Parameters.createParameters(Parameters.java:199)
	at org.testng.internal.Parameters.createParameters(Parameters.java:443)
	at org.testng.internal.Parameters.createConfigurationParameters(Parameters.java:118)
	at org.testng.internal.Invoker.invokeConfigurations(Invoker.java:206)
	at org.testng.internal.Invoker.invokeConfigurations(Invoker.java:146)
	at org.testng.TestRunner.beforeRun(TestRunner.java:626)
	at org.testng.TestRunner.run(TestRunner.java:594)
	at org.testng.SuiteRunner.runTest(SuiteRunner.java:380)
	at org.testng.SuiteRunner.runSequentially(SuiteRunner.java:375)
	at org.testng.SuiteRunner.privateRun(SuiteRunner.java:340)
	at org.testng.SuiteRunner.run(SuiteRunner.java:289)
	at org.testng.SuiteRunnerWorker.runSuite(SuiteRunnerWorker.java:52)
	at org.testng.SuiteRunnerWorker.run(SuiteRunnerWorker.java:86)
	at org.testng.TestNG.runSuitesSequentially(TestNG.java:1301)
	at org.testng.TestNG.runSuitesLocally(TestNG.java:1226)
	at org.testng.TestNG.runSuites(TestNG.java:1144)
	at org.testng.TestNG.run(TestNG.java:1115)
	at org.testng.remote.AbstractRemoteTestNG.run(AbstractRemoteTestNG.java:132)
	at org.testng.remote.RemoteTestNG.initAndRun(RemoteTestNG.java:230)
	at org.testng.remote.RemoteTestNG.main(RemoteTestNG.java:76)
]]>
    </error>
  </testcase> <!-- setUp -->
  <testcase name="tearDown" time="0.008" classname="Sanity_Test.New_User">
    <error type="java.lang.NullPointerException">
      <![CDATA[java.lang.NullPointerException
	at PageFactory.BrowserStack.tearDown(BrowserStack.java:86)
	at sun.reflect.NativeMethodAccessorImpl.invoke0(Native Method)
	at sun.reflect.NativeMethodAccessorImpl.invoke(NativeMethodAccessorImpl.java:62)
	at sun.reflect.DelegatingMethodAccessorImpl.invoke(DelegatingMethodAccessorImpl.java:43)
	at java.lang.reflect.Method.invoke(Method.java:498)
	at org.testng.internal.MethodInvocationHelper.invokeMethod(MethodInvocationHelper.java:108)
	at org.testng.internal.Invoker.invokeConfigurationMethod(Invoker.java:523)
	at org.testng.internal.Invoker.invokeConfigurations(Invoker.java:224)
	at org.testng.internal.Invoker.invokeConfigurations(Invoker.java:146)
	at org.testng.TestRunner.afterRun(TestRunner.java:958)
	at org.testng.TestRunner.run(TestRunner.java:606)
	at org.testng.SuiteRunner.runTest(SuiteRunner.java:380)
	at org.testng.SuiteRunner.runSequentially(SuiteRunner.java:375)
	at org.testng.SuiteRunner.privateRun(SuiteRunner.java:340)
	at org.testng.SuiteRunner.run(SuiteRunner.java:289)
	at org.testng.SuiteRunnerWorker.runSuite(SuiteRunnerWorker.java:52)
	at org.testng.SuiteRunnerWorker.run(SuiteRunnerWorker.java:86)
	at org.testng.TestNG.runSuitesSequentially(TestNG.java:1301)
	at org.testng.TestNG.runSuitesLocally(TestNG.java:1226)
	at org.testng.TestNG.runSuites(TestNG.java:1144)
	at org.testng.TestNG.run(TestNG.java:1115)
	at org.testng.remote.AbstractRemoteTestNG.run(AbstractRemoteTestNG.java:132)
	at org.testng.remote.RemoteTestNG.initAndRun(RemoteTestNG.java:230)
	at org.testng.remote.RemoteTestNG.main(RemoteTestNG.java:76)
]]>
    </error>
  </testcase> <!-- tearDown -->
  <testcase name="Log_Out_New_User" time="0.000" classname="Sanity_Test.New_User">
    <skipped/>
  </testcase> <!-- Log_Out_New_User -->
  <testcase name="Get_in_Touch" time="0.000" classname="Sanity_Test.New_User">
    <skipped/>
  </testcase> <!-- Get_in_Touch -->
  <testcase name="Ask_a_question" time="0.000" classname="Sanity_Test.New_User">
    <skipped/>
  </testcase> <!-- Ask_a_question -->
  <testcase name="Request_a_Bronchure" time="0.000" classname="Sanity_Test.New_User">
    <skipped/>
  </testcase> <!-- Request_a_Bronchure -->
  <testcase name="Request_a_PenTest_Proposal" time="0.000" classname="Sanity_Test.New_User">
    <skipped/>
  </testcase> <!-- Request_a_PenTest_Proposal -->
</testsuite> <!-- Sanity_Test.New_User -->
